Traceback (most recent call last):
  File "/Users/rcml/miniforge3/envs/poli-docs/lib/python3.11/site-packages/jupyter_cache/executors/utils.py", line 58, in single_nb_execution
    executenb(
  File "/Users/rcml/miniforge3/envs/poli-docs/lib/python3.11/site-packages/nbclient/client.py", line 1305, in execute
    return NotebookClient(nb=nb, resources=resources, km=km, **kwargs).execute()
           ^^^^^^^^^^^^^^^^^^^^^^^^^^^^^^^^^^^^^^^^^^^^^^^^^^^^^^^^^^^^^^^^^^^^^
  File "/Users/rcml/miniforge3/envs/poli-docs/lib/python3.11/site-packages/jupyter_core/utils/__init__.py", line 166, in wrapped
    return loop.run_until_complete(inner)
           ^^^^^^^^^^^^^^^^^^^^^^^^^^^^^^
  File "/Users/rcml/miniforge3/envs/poli-docs/lib/python3.11/asyncio/base_events.py", line 653, in run_until_complete
    return future.result()
           ^^^^^^^^^^^^^^^
  File "/Users/rcml/miniforge3/envs/poli-docs/lib/python3.11/site-packages/nbclient/client.py", line 705, in async_execute
    await self.async_execute_cell(
  File "/Users/rcml/miniforge3/envs/poli-docs/lib/python3.11/site-packages/nbclient/client.py", line 1058, in async_execute_cell
    await self._check_raise_for_error(cell, cell_index, exec_reply)
  File "/Users/rcml/miniforge3/envs/poli-docs/lib/python3.11/site-packages/nbclient/client.py", line 914, in _check_raise_for_error
    raise CellExecutionError.from_cell_and_msg(cell, exec_reply_content)
nbclient.exceptions.CellExecutionError: An error occurred while executing the following cell:
------------------
from poli import objective_factory

problem_info, f, x0, y0, run_info = objective_factory.create(
    name="FoldX_stability",
    caller_info=None,
    observer=None,
    wildtype_pdb_path=wildtype_pdb_path
)
------------------


[0;31m---------------------------------------------------------------------------[0m
[0;31mValueError[0m                                Traceback (most recent call last)
Cell [0;32mIn[5], line 3[0m
[1;32m      1[0m [38;5;28;01mfrom[39;00m [38;5;21;01mpoli[39;00m [38;5;28;01mimport[39;00m objective_factory
[0;32m----> 3[0m problem_info, f, x0, y0, run_info [38;5;241m=[39m [43mobjective_factory[49m[38;5;241;43m.[39;49m[43mcreate[49m[43m([49m
[1;32m      4[0m [43m    [49m[43mname[49m[38;5;241;43m=[39;49m[38;5;124;43m"[39;49m[38;5;124;43mFoldX_stability[39;49m[38;5;124;43m"[39;49m[43m,[49m
[1;32m      5[0m [43m    [49m[43mcaller_info[49m[38;5;241;43m=[39;49m[38;5;28;43;01mNone[39;49;00m[43m,[49m
[1;32m      6[0m [43m    [49m[43mobserver[49m[38;5;241;43m=[39;49m[38;5;28;43;01mNone[39;49;00m[43m,[49m
[1;32m      7[0m [43m    [49m[43mwildtype_pdb_path[49m[38;5;241;43m=[39;49m[43mwildtype_pdb_path[49m
[1;32m      8[0m [43m)[49m

File [0;32m~/miniforge3/envs/poli-docs/lib/python3.11/site-packages/poli/objective_factory.py:126[0m, in [0;36mcreate[0;34m(name, seed, caller_info, observer, force_register, force_isolation, **kwargs_for_factory)[0m
[1;32m    124[0m [38;5;28;01mif[39;00m name [38;5;129;01mnot[39;00m [38;5;129;01min[39;00m config:
[1;32m    125[0m     [38;5;28;01mif[39;00m name [38;5;129;01mnot[39;00m [38;5;129;01min[39;00m AVAILABLE_OBJECTIVES:
[0;32m--> 126[0m         [38;5;28;01mraise[39;00m [38;5;167;01mValueError[39;00m(
[1;32m    127[0m             [38;5;124mf[39m[38;5;124m"[39m[38;5;124mObjective function [39m[38;5;124m'[39m[38;5;132;01m{[39;00mname[38;5;132;01m}[39;00m[38;5;124m'[39m[38;5;124m is not registered, [39m[38;5;124m"[39m
[1;32m    128[0m             [38;5;124m"[39m[38;5;124mand it is not available in the repository.[39m[38;5;124m"[39m
[1;32m    129[0m         )
[1;32m    131[0m     [38;5;66;03m# At this point, we know that the function is available[39;00m
[1;32m    132[0m     [38;5;66;03m# in the repository[39;00m
[1;32m    133[0m     [38;5;28;01mif[39;00m force_register:
[1;32m    134[0m         [38;5;66;03m# Then we install it.[39;00m

[0;31mValueError[0m: Objective function 'FoldX_stability' is not registered, and it is not available in the repository.

