Traceback (most recent call last):
  File "/Users/rcml/miniforge3/envs/poli-docs/lib/python3.11/site-packages/jupyter_cache/executors/utils.py", line 58, in single_nb_execution
    executenb(
  File "/Users/rcml/miniforge3/envs/poli-docs/lib/python3.11/site-packages/nbclient/client.py", line 1305, in execute
    return NotebookClient(nb=nb, resources=resources, km=km, **kwargs).execute()
           ^^^^^^^^^^^^^^^^^^^^^^^^^^^^^^^^^^^^^^^^^^^^^^^^^^^^^^^^^^^^^^^^^^^^^
  File "/Users/rcml/miniforge3/envs/poli-docs/lib/python3.11/site-packages/jupyter_core/utils/__init__.py", line 166, in wrapped
    return loop.run_until_complete(inner)
           ^^^^^^^^^^^^^^^^^^^^^^^^^^^^^^
  File "/Users/rcml/miniforge3/envs/poli-docs/lib/python3.11/asyncio/base_events.py", line 653, in run_until_complete
    return future.result()
           ^^^^^^^^^^^^^^^
  File "/Users/rcml/miniforge3/envs/poli-docs/lib/python3.11/site-packages/nbclient/client.py", line 705, in async_execute
    await self.async_execute_cell(
  File "/Users/rcml/miniforge3/envs/poli-docs/lib/python3.11/site-packages/nbclient/client.py", line 1058, in async_execute_cell
    await self._check_raise_for_error(cell, cell_index, exec_reply)
  File "/Users/rcml/miniforge3/envs/poli-docs/lib/python3.11/site-packages/nbclient/client.py", line 914, in _check_raise_for_error
    raise CellExecutionError.from_cell_and_msg(cell, exec_reply_content)
nbclient.exceptions.CellExecutionError: An error occurred while executing the following cell:
------------------
from poli_baselines.solvers.simple.random_mutation import RandomMutation

solver = RandomMutation(
    black_box=f,
    x0=x0,
    y0=y0,
    alphabet=problem_info.alphabet
)

print(f"x0: {x0}")
print(f"y0: {y0}")
------------------


[0;31m---------------------------------------------------------------------------[0m
[0;31mModuleNotFoundError[0m                       Traceback (most recent call last)
Cell [0;32mIn[4], line 1[0m
[0;32m----> 1[0m [38;5;28;01mfrom[39;00m [38;5;21;01mpoli_baselines[39;00m[38;5;21;01m.[39;00m[38;5;21;01msolvers[39;00m[38;5;21;01m.[39;00m[38;5;21;01msimple[39;00m[38;5;21;01m.[39;00m[38;5;21;01mrandom_mutation[39;00m [38;5;28;01mimport[39;00m RandomMutation
[1;32m      3[0m solver [38;5;241m=[39m RandomMutation(
[1;32m      4[0m     black_box[38;5;241m=[39mf,
[1;32m      5[0m     x0[38;5;241m=[39mx0,
[1;32m      6[0m     y0[38;5;241m=[39my0,
[1;32m      7[0m     alphabet[38;5;241m=[39mproblem_info[38;5;241m.[39malphabet
[1;32m      8[0m )
[1;32m     10[0m [38;5;28mprint[39m([38;5;124mf[39m[38;5;124m"[39m[38;5;124mx0: [39m[38;5;132;01m{[39;00mx0[38;5;132;01m}[39;00m[38;5;124m"[39m)

[0;31mModuleNotFoundError[0m: No module named 'poli_baselines'

